<?xml version="1.0" encoding="UTF-8"?>
<!-- Generated by org.testng.reporters.JUnitReportReporter -->
<testsuite skipped="0" hostname="Appy-PC" name="Assert_example" tests="2" failures="0" timestamp="19 Jan 2019 05:27:53 GMT" time="0.026" errors="0">
  <testcase name="M1" time="0.024" classname="Assert_example"/>
  <testcase name="M2" time="0.002" classname="Assert_example"/>
</testsuite> <!-- Assert_example -->
