<?xml version="1.0" encoding="UTF-8"?>
<!-- Generated by org.testng.reporters.JUnitReportReporter -->
<testsuite skipped="0" hostname="Appy-PC" name="test.NewTest" tests="7" failures="0" timestamp="07 Apr 2019 04:09:05 GMT" time="0.016" errors="0">
  <testcase name="f2" time="0.003" classname="test.NewTest"/>
  <testcase name="f1" time="0.002" classname="test.NewTest"/>
  <testcase name="f" time="0.003" classname="test.NewTest"/>
  <testcase name="f" time="0.003" classname="test.NewTest"/>
  <testcase name="f" time="0.001" classname="test.NewTest"/>
  <testcase name="f" time="0.001" classname="test.NewTest"/>
  <testcase name="f" time="0.003" classname="test.NewTest"/>
</testsuite> <!-- test.NewTest -->
