<?xml version="1.0" encoding="UTF-8"?>
<!-- Generated by org.testng.reporters.JUnitReportReporter -->
<testsuite skipped="1" hostname="Appy-PC" name="NewTest" tests="2" failures="0" timestamp="10 Feb 2019 14:26:41 GMT" time="0.015" errors="0">
  <testcase name="f2" time="0.015" classname="NewTest"/>
  <testcase name="f" classname="NewTest">
    <skipped/>
  </testcase> <!-- f -->
</testsuite> <!-- NewTest -->
