<?xml version="1.0" encoding="UTF-8"?>
<!-- Generated by org.testng.reporters.JUnitReportReporter -->
<testsuite skipped="0" hostname="Appy-PC" name="maven.automation.NewTest" tests="1" failures="0" timestamp="07 Apr 2019 05:16:00 GMT" time="0.005" errors="0">
  <testcase name="f" time="0.005" classname="maven.automation.NewTest"/>
</testsuite> <!-- maven.automation.NewTest -->
